<?xml version="1.0" encoding="UTF-8" ?>
<testsuite tests="7" failures="2" name="TestSuite" time="15.455" errors="0" skipped="5">
  <properties>
[...]
</properties>
  <testcase classname="com.endava.tests.BasketTest" name="addToBasket" time="0.249">
    <failure message="no such window: target window already closed
from unknown error: web view not found
  (Session info: chrome=85.0.4183.83)
Build info: version: &apos;3.141.59&apos;, revision: &apos;e82be7d358&apos;, time: &apos;2018-11-14T08:17:03&apos;
System info: host: &apos;EN911371&apos;, ip: &apos;192.168.56.1&apos;, os.name: &apos;Windows 10&apos;, os.arch: &apos;amd64&apos;, os.version: &apos;10.0&apos;, java.version: &apos;1.8.0_261&apos;
Driver info: org.openqa.selenium.chrome.ChromeDriver
Capabilities {acceptInsecureCerts: false, browserName: chrome, browserVersion: 85.0.4183.83, chrome: {chromedriverVersion: 85.0.4183.87 (cd6713ebf92fa..., userDataDir: C:\Users\LCASTI~1\AppData\L...}, goog:chromeOptions: {debuggerAddress: localhost:64154}, javascriptEnabled: true, networkConnectionEnabled: false, pageLoadStrategy: normal, platform: WINDOWS, platformName: WINDOWS, proxy: Proxy(), setWindowRect: true, strictFileInteractability: false, timeouts: {implicit: 0, pageLoad: 300000, script: 30000}, unhandledPromptBehavior: dismiss and notify, webauthn:virtualAuthenticators: true}
Session ID: 35e35ff05a5712ce6a77a2c6936ea2f3
*** Element info: {Using=css selector, value=#gh-eb-Geo-a-default &gt; .gh-eb-Geo-txt}" type="org.openqa.selenium.NoSuchWindowException">org.openqa.selenium.NoSuchWindowException: no such window: target window already closed
from unknown error: web view not found
  (Session info: chrome=85.0.4183.83)
Build info: version: &apos;3.141.59&apos;, revision: &apos;e82be7d358&apos;, time: &apos;2018-11-14T08:17:03&apos;
System info: host: &apos;EN911371&apos;, ip: &apos;192.168.56.1&apos;, os.name: &apos;Windows 10&apos;, os.arch: &apos;amd64&apos;, os.version: &apos;10.0&apos;, java.version: &apos;1.8.0_261&apos;
Driver info: org.openqa.selenium.chrome.ChromeDriver
Capabilities {acceptInsecureCerts: false, browserName: chrome, browserVersion: 85.0.4183.83, chrome: {chromedriverVersion: 85.0.4183.87 (cd6713ebf92fa..., userDataDir: C:\Users\LCASTI~1\AppData\L...}, goog:chromeOptions: {debuggerAddress: localhost:64154}, javascriptEnabled: true, networkConnectionEnabled: false, pageLoadStrategy: normal, platform: WINDOWS, platformName: WINDOWS, proxy: Proxy(), setWindowRect: true, strictFileInteractability: false, timeouts: {implicit: 0, pageLoad: 300000, script: 30000}, unhandledPromptBehavior: dismiss and notify, webauthn:virtualAuthenticators: true}
Session ID: 35e35ff05a5712ce6a77a2c6936ea2f3
*** Element info: {Using=css selector, value=#gh-eb-Geo-a-default &gt; .gh-eb-Geo-txt}
	at sun.reflect.NativeConstructorAccessorImpl.newInstance0(Native Method)
	at sun.reflect.NativeConstructorAccessorImpl.newInstance(NativeConstructorAccessorImpl.java:62)
	at sun.reflect.DelegatingConstructorAccessorImpl.newInstance(DelegatingConstructorAccessorImpl.java:45)
	at java.lang.reflect.Constructor.newInstance(Constructor.java:423)
	at org.openqa.selenium.remote.http.W3CHttpResponseCodec.createException(W3CHttpResponseCodec.java:187)
	at org.openqa.selenium.remote.http.W3CHttpResponseCodec.decode(W3CHttpResponseCodec.java:122)
	at org.openqa.selenium.remote.http.W3CHttpResponseCodec.decode(W3CHttpResponseCodec.java:49)
	at org.openqa.selenium.remote.HttpCommandExecutor.execute(HttpCommandExecutor.java:158)
	at org.openqa.selenium.remote.service.DriverCommandExecutor.execute(DriverCommandExecutor.java:83)
	at org.openqa.selenium.remote.RemoteWebDriver.execute(RemoteWebDriver.java:552)
	at org.openqa.selenium.remote.RemoteWebDriver.findElement(RemoteWebDriver.java:323)
	at org.openqa.selenium.remote.RemoteWebDriver.findElementByCssSelector(RemoteWebDriver.java:420)
	at org.openqa.selenium.By$ByCssSelector.findElement(By.java:431)
	at org.openqa.selenium.remote.RemoteWebDriver.findElement(RemoteWebDriver.java:315)
	at org.openqa.selenium.support.pagefactory.DefaultElementLocator.findElement(DefaultElementLocator.java:69)
	at org.openqa.selenium.support.pagefactory.internal.LocatingElementHandler.invoke(LocatingElementHandler.java:38)
	at com.sun.proxy.$Proxy7.click(Unknown Source)
	at com.endava.pages.HomePage.changeLanguage(HomePage.java:25)
	at com.endava.tests.BasketTest.addToBasket(BasketTest.java:33)
</failure>
    <system-out>Configuring TestNG with: org.apache.maven.surefire.testng.conf.TestNG652Configurator@d70c109
</system-out>
    <system-err>SLF4J: Failed to load class &quot;org.slf4j.impl.StaticLoggerBinder&quot;.
SLF4J: Defaulting to no-operation (NOP) logger implementation
SLF4J: See http://www.slf4j.org/codes.html#StaticLoggerBinder for further details.
Starting ChromeDriver 85.0.4183.87 (cd6713ebf92fa1cacc0f1a598df280093af0c5d7-refs/branch-heads/4183@{#1689}) on port 31637
Only local connections are allowed.
Please see https://chromedriver.chromium.org/security-considerations for suggestions on keeping ChromeDriver safe.
ChromeDriver was started successfully.
Sep 03, 2020 12:03:35 PM org.openqa.selenium.remote.ProtocolHandshake createSession
INFO: Detected dialect: W3C
</system-err>
  </testcase>
  <testcase classname="com.endava.tests.SearchProductTest" name="setUp" time="15.203">
    <failure message="session not created
from chrome not reachable
  (Session info: chrome=85.0.4183.83)
Build info: version: &apos;3.141.59&apos;, revision: &apos;e82be7d358&apos;, time: &apos;2018-11-14T08:17:03&apos;
System info: host: &apos;EN911371&apos;, ip: &apos;192.168.56.1&apos;, os.name: &apos;Windows 10&apos;, os.arch: &apos;amd64&apos;, os.version: &apos;10.0&apos;, java.version: &apos;1.8.0_261&apos;
Driver info: driver.version: ChromeDriver
remote stacktrace: Backtrace:
	Ordinal0 [0x0034D383+3134339]
	Ordinal0 [0x0023A171+2007409]
	Ordinal0 [0x000DAD90+568720]
	Ordinal0 [0x000D1364+529252]
	Ordinal0 [0x000D19FC+530940]
	Ordinal0 [0x000D2C15+535573]
	Ordinal0 [0x000CDFC5+516037]
	Ordinal0 [0x000DBF70+573296]
	Ordinal0 [0x00081916+203030]
	Ordinal0 [0x00080C1D+199709]
	Ordinal0 [0x0007EB0B+191243]
	Ordinal0 [0x00062E77+77431]
	Ordinal0 [0x00063E3E+81470]
	Ordinal0 [0x00063DC9+81353]
	Ordinal0 [0x00250CD9+2100441]
	GetHandleVerifier [0x004BB75A+1396954]
	GetHandleVerifier [0x004BB3D9+1396057]
	GetHandleVerifier [0x004C7126+1444518]
	GetHandleVerifier [0x004BBCE8+1398376]
	Ordinal0 [0x00247F51+2064209]
	Ordinal0 [0x002522EB+2106091]
	Ordinal0 [0x00252411+2106385]
	Ordinal0 [0x002649C4+2181572]
	BaseThreadInitThunk [0x766B6359+25]
	RtlGetAppContainerNamedObjectPath [0x77957C24+228]
	RtlGetAppContainerNamedObjectPath [0x77957BF4+180]
	(No symbol) [0x00000000]
" type="org.openqa.selenium.SessionNotCreatedException">org.openqa.selenium.SessionNotCreatedException: session not created
from chrome not reachable
  (Session info: chrome=85.0.4183.83)
Build info: version: &apos;3.141.59&apos;, revision: &apos;e82be7d358&apos;, time: &apos;2018-11-14T08:17:03&apos;
System info: host: &apos;EN911371&apos;, ip: &apos;192.168.56.1&apos;, os.name: &apos;Windows 10&apos;, os.arch: &apos;amd64&apos;, os.version: &apos;10.0&apos;, java.version: &apos;1.8.0_261&apos;
Driver info: driver.version: ChromeDriver
remote stacktrace: Backtrace:
	Ordinal0 [0x0034D383+3134339]
	Ordinal0 [0x0023A171+2007409]
	Ordinal0 [0x000DAD90+568720]
	Ordinal0 [0x000D1364+529252]
	Ordinal0 [0x000D19FC+530940]
	Ordinal0 [0x000D2C15+535573]
	Ordinal0 [0x000CDFC5+516037]
	Ordinal0 [0x000DBF70+573296]
	Ordinal0 [0x00081916+203030]
	Ordinal0 [0x00080C1D+199709]
	Ordinal0 [0x0007EB0B+191243]
	Ordinal0 [0x00062E77+77431]
	Ordinal0 [0x00063E3E+81470]
	Ordinal0 [0x00063DC9+81353]
	Ordinal0 [0x00250CD9+2100441]
	GetHandleVerifier [0x004BB75A+1396954]
	GetHandleVerifier [0x004BB3D9+1396057]
	GetHandleVerifier [0x004C7126+1444518]
	GetHandleVerifier [0x004BBCE8+1398376]
	Ordinal0 [0x00247F51+2064209]
	Ordinal0 [0x002522EB+2106091]
	Ordinal0 [0x00252411+2106385]
	Ordinal0 [0x002649C4+2181572]
	BaseThreadInitThunk [0x766B6359+25]
	RtlGetAppContainerNamedObjectPath [0x77957C24+228]
	RtlGetAppContainerNamedObjectPath [0x77957BF4+180]
	(No symbol) [0x00000000]

	at sun.reflect.NativeConstructorAccessorImpl.newInstance0(Native Method)
	at sun.reflect.NativeConstructorAccessorImpl.newInstance(NativeConstructorAccessorImpl.java:62)
	at sun.reflect.DelegatingConstructorAccessorImpl.newInstance(DelegatingConstructorAccessorImpl.java:45)
	at java.lang.reflect.Constructor.newInstance(Constructor.java:423)
	at org.openqa.selenium.remote.W3CHandshakeResponse.lambda$errorHandler$0(W3CHandshakeResponse.java:62)
	at org.openqa.selenium.remote.HandshakeResponse.lambda$getResponseFunction$0(HandshakeResponse.java:30)
	at org.openqa.selenium.remote.ProtocolHandshake.lambda$createSession$0(ProtocolHandshake.java:126)
	at java.util.stream.ReferencePipeline$3$1.accept(ReferencePipeline.java:193)
	at java.util.Spliterators$ArraySpliterator.tryAdvance(Spliterators.java:958)
	at java.util.stream.ReferencePipeline.forEachWithCancel(ReferencePipeline.java:126)
	at java.util.stream.AbstractPipeline.copyIntoWithCancel(AbstractPipeline.java:499)
	at java.util.stream.AbstractPipeline.copyInto(AbstractPipeline.java:486)
	at java.util.stream.AbstractPipeline.wrapAndCopyInto(AbstractPipeline.java:472)
	at java.util.stream.FindOps$FindOp.evaluateSequential(FindOps.java:152)
	at java.util.stream.AbstractPipeline.evaluate(AbstractPipeline.java:234)
	at java.util.stream.ReferencePipeline.findFirst(ReferencePipeline.java:464)
	at org.openqa.selenium.remote.ProtocolHandshake.createSession(ProtocolHandshake.java:128)
	at org.openqa.selenium.remote.ProtocolHandshake.createSession(ProtocolHandshake.java:74)
	at org.openqa.selenium.remote.HttpCommandExecutor.execute(HttpCommandExecutor.java:136)
	at org.openqa.selenium.remote.service.DriverCommandExecutor.execute(DriverCommandExecutor.java:83)
	at org.openqa.selenium.remote.RemoteWebDriver.execute(RemoteWebDriver.java:552)
	at org.openqa.selenium.remote.RemoteWebDriver.startSession(RemoteWebDriver.java:213)
	at org.openqa.selenium.remote.RemoteWebDriver.&lt;init&gt;(RemoteWebDriver.java:131)
	at org.openqa.selenium.chrome.ChromeDriver.&lt;init&gt;(ChromeDriver.java:181)
	at org.openqa.selenium.chrome.ChromeDriver.&lt;init&gt;(ChromeDriver.java:168)
	at org.openqa.selenium.chrome.ChromeDriver.&lt;init&gt;(ChromeDriver.java:123)
	at com.endava.tests.SearchProductTest.setUp(SearchProductTest.java:25)
</failure>
    <system-err>Starting ChromeDriver 85.0.4183.87 (cd6713ebf92fa1cacc0f1a598df280093af0c5d7-refs/branch-heads/4183@{#1689}) on port 47118
Only local connections are allowed.
Please see https://chromedriver.chromium.org/security-considerations for suggestions on keeping ChromeDriver safe.
ChromeDriver was started successfully.
[1599152622.813][WARNING]: Timed out connecting to Chrome, retrying...
</system-err>
  </testcase>
  <testcase classname="com.endava.tests.SearchProductTest" name="applyFilter" time="0">
    <skipped/>
  </testcase>
  <testcase classname="com.endava.tests.SearchProductTest" name="tearDown" time="0">
    <skipped/>
  </testcase>
  <testcase classname="com.endava.tests.SearchProductTest" name="setUp" time="0.001">
    <skipped/>
  </testcase>
  <testcase classname="com.endava.tests.SearchProductTest" name="setPrices" time="0.001">
    <skipped/>
  </testcase>
  <testcase classname="com.endava.tests.SearchProductTest" name="tearDown" time="0.001">
    <skipped/>
  </testcase>
</testsuite>