<?xml version="1.0" encoding="UTF-8"?>
<testsuite xmlns:xsi="http://www.w3.org/2001/XMLSchema-instance" xsi:noNamespaceSchemaLocation="https://maven.apache.org/surefire/maven-surefire-plugin/xsd/surefire-test-report-3.0.xsd" version="3.0" name="TestSuite" time="81.169" tests="6" errors="0" skipped="0" failures="3">
  <properties>
[...]
</properties>
  <testcase name="applyFilter" classname="com.endava.tests.SearchProductTest" time="10.895">
    <system-err><![CDATA[SLF4J: Failed to load class "org.slf4j.impl.StaticLoggerBinder".
SLF4J: Defaulting to no-operation (NOP) logger implementation
SLF4J: See http://www.slf4j.org/codes.html#StaticLoggerBinder for further details.
1599514471137	mozrunner::runner	INFO	Running command: "C:\\Program Files\\Mozilla Firefox\\firefox.exe" "-marionette" "-foreground" "-no-remote" "-profile" "C:\\Users\\LCASTI~1\\AppData\\Local\\Temp\\rust_mozprofilecX1gh5"
1599514471391	mozrunner::runner	INFO	Running command: "C:\\Program Files\\Mozilla Firefox\\firefox.exe" "-marionette" "-foreground" "-no-remote" "-profile" "C:\\Users\\LCASTI~1\\AppData\\Local\\Temp\\rust_mozprofile6PJyRP"
1599514472300	addons.webextension.doh-rollout@mozilla.org	WARN	Loading extension 'doh-rollout@mozilla.org': Reading manifest: Invalid extension permission: networkStatus
1599514472358	addons.webextension.doh-rollout@mozilla.org	WARN	Loading extension 'doh-rollout@mozilla.org': Reading manifest: Invalid extension permission: networkStatus
1599514472395	addons.webextension.screenshots@mozilla.org	WARN	Loading extension 'screenshots@mozilla.org': Reading manifest: Invalid extension permission: mozillaAddons
1599514472395	addons.webextension.screenshots@mozilla.org	WARN	Loading extension 'screenshots@mozilla.org': Reading manifest: Invalid extension permission: telemetry
1599514472395	addons.webextension.screenshots@mozilla.org	WARN	Loading extension 'screenshots@mozilla.org': Reading manifest: Invalid extension permission: resource://pdf.js/
1599514472396	addons.webextension.screenshots@mozilla.org	WARN	Loading extension 'screenshots@mozilla.org': Reading manifest: Invalid extension permission: about:reader*
1599514472497	addons.webextension.screenshots@mozilla.org	WARN	Loading extension 'screenshots@mozilla.org': Reading manifest: Invalid extension permission: mozillaAddons
1599514472497	addons.webextension.screenshots@mozilla.org	WARN	Loading extension 'screenshots@mozilla.org': Reading manifest: Invalid extension permission: telemetry
1599514472498	addons.webextension.screenshots@mozilla.org	WARN	Loading extension 'screenshots@mozilla.org': Reading manifest: Invalid extension permission: resource://pdf.js/
1599514472498	addons.webextension.screenshots@mozilla.org	WARN	Loading extension 'screenshots@mozilla.org': Reading manifest: Invalid extension permission: about:reader*
JavaScript error: resource://gre/modules/XULStore.jsm, line 66: Error: Can't find profile directory.
JavaScript error: resource://gre/modules/XULStore.jsm, line 66: Error: Can't find profile directory.
1599514475794	Marionette	INFO	Listening on port 60392
1599514475873	Marionette	WARN	TLS certificate errors will be ignored for this session
Sep 07, 2020 4:34:36 PM org.openqa.selenium.remote.ProtocolHandshake createSession
INFO: Detected dialect: W3C
1599514476114	Marionette	INFO	Listening on port 60390
1599514476607	Marionette	WARN	TLS certificate errors will be ignored for this session
Sep 07, 2020 4:34:36 PM org.openqa.selenium.remote.ProtocolHandshake createSession
INFO: Detected dialect: W3C
JavaScript error: , line 0: NetworkError: A network error occurred.
JavaScript error: , line 0: NetworkError: A network error occurred.
JavaScript error: , line 0: NetworkError: A network error occurred.
JavaScript error: , line 0: NetworkError: A network error occurred.
JavaScript error: https://ir.ebaystatic.com/rs/c/dweb_ac.min_072620.js, line 2: TypeError: f.suggestionList is undefined
]]></system-err>
  </testcase>
  <testcase name="applyFilter" classname="com.endava.tests.SearchProductTest" time="9.432">
    <system-err><![CDATA[1599514510308	Marionette	INFO	Stopped listening on port 60567
JavaScript error: resource:///actors/ContentMetaChild.jsm, line 167: InvalidStateError: An attempt was made to use an object that is not, or is no longer, usable

###!!! [Child][RunMessage] Error: Channel closing: too late to send/recv, messages will be lost


###!!! [Child][MessageChannel::SendAndWait] Error: Channel error: cannot send/recv

Starting ChromeDriver 85.0.4183.87 (cd6713ebf92fa1cacc0f1a598df280093af0c5d7-refs/branch-heads/4183@{#1689}) on port 21680
Only local connections are allowed.
Please see https://chromedriver.chromium.org/security-considerations for suggestions on keeping ChromeDriver safe.
ChromeDriver was started successfully.
Starting ChromeDriver 85.0.4183.87 (cd6713ebf92fa1cacc0f1a598df280093af0c5d7-refs/branch-heads/4183@{#1689}) on port 41826
Only local connections are allowed.
Please see https://chromedriver.chromium.org/security-considerations for suggestions on keeping ChromeDriver safe.
ChromeDriver was started successfully.
Sep 07, 2020 4:35:18 PM org.openqa.selenium.remote.ProtocolHandshake createSession
INFO: Detected dialect: W3C
Sep 07, 2020 4:35:19 PM org.openqa.selenium.remote.ProtocolHandshake createSession
INFO: Detected dialect: W3C
]]></system-err>
  </testcase>
  <testcase name="setPrices" classname="com.endava.tests.SearchProductTest" time="5.364">
    <failure message="The price exceeds the limits expected [true] but found [false]" type="java.lang.AssertionError"><![CDATA[java.lang.AssertionError: The price exceeds the limits expected [true] but found [false]
	at com.endava.tests.SearchProductTest.setPrices(SearchProductTest.java:27)
]]></failure>
    <system-out><![CDATA[COP 66,468.40
 66468.40
]]></system-out>
    <system-err><![CDATA[1599514494932	Marionette	INFO	Stopped listening on port 60390

###!!! [Child][RunMessage] Error: Channel closing: too late to send/recv, messages will be lost


###!!! [Child][MessageChannel::SendAndWait] Error: Channel error: cannot send/recv

1599514496951	mozrunner::runner	INFO	Running command: "C:\\Program Files\\Mozilla Firefox\\firefox.exe" "-marionette" "-foreground" "-no-remote" "-profile" "C:\\Users\\LCASTI~1\\AppData\\Local\\Temp\\rust_mozprofileyl7OzM"
1599514498225	addons.webextension.doh-rollout@mozilla.org	WARN	Loading extension 'doh-rollout@mozilla.org': Reading manifest: Invalid extension permission: networkStatus
1599514498335	addons.webextension.screenshots@mozilla.org	WARN	Loading extension 'screenshots@mozilla.org': Reading manifest: Invalid extension permission: mozillaAddons
1599514498335	addons.webextension.screenshots@mozilla.org	WARN	Loading extension 'screenshots@mozilla.org': Reading manifest: Invalid extension permission: telemetry
1599514498335	addons.webextension.screenshots@mozilla.org	WARN	Loading extension 'screenshots@mozilla.org': Reading manifest: Invalid extension permission: resource://pdf.js/
1599514498335	addons.webextension.screenshots@mozilla.org	WARN	Loading extension 'screenshots@mozilla.org': Reading manifest: Invalid extension permission: about:reader*
JavaScript error: resource://gre/modules/XULStore.jsm, line 66: Error: Can't find profile directory.
1599514501033	Marionette	INFO	Listening on port 60567
1599514501303	Marionette	WARN	TLS certificate errors will be ignored for this session
Sep 07, 2020 4:35:01 PM org.openqa.selenium.remote.ProtocolHandshake createSession
INFO: Detected dialect: W3C
JavaScript error: , line 0: NetworkError: A network error occurred.
JavaScript error: , line 0: NetworkError: A network error occurred.
]]></system-err>
  </testcase>
  <testcase name="setPrices" classname="com.endava.tests.SearchProductTest" time="7.093">
    <failure message="The price exceeds the limits expected [true] but found [false]" type="java.lang.AssertionError"><![CDATA[java.lang.AssertionError: The price exceeds the limits expected [true] but found [false]
	at com.endava.tests.SearchProductTest.setPrices(SearchProductTest.java:27)
]]></failure>
    <system-out><![CDATA[COP 52,416.36
 52416.36
]]></system-out>
    <system-err><![CDATA[Sep 07, 2020 4:35:39 PM org.openqa.selenium.remote.ProtocolHandshake createSession
INFO: Detected dialect: W3C
]]></system-err>
  </testcase>
  <testcase name="addToBasket" classname="com.endava.tests.BasketTest" time="14.187">
    <failure message="It was not possible to add the product to the cart expected [Nikon D5600 Digital SLR Camera Black + 3 Lens: 18-55mm VR Lens + 32GB Bundle] but found []" type="java.lang.AssertionError"><![CDATA[java.lang.AssertionError: It was not possible to add the product to the cart expected [Nikon D5600 Digital SLR Camera Black + 3 Lens: 18-55mm VR Lens + 32GB Bundle] but found []
	at com.endava.tests.BasketTest.addToBasket(BasketTest.java:34)
]]></failure>
    <system-err><![CDATA[1599514493025	Marionette	INFO	Stopped listening on port 60392

###!!! [Child][RunMessage] Error: Channel closing: too late to send/recv, messages will be lost


###!!! [Child][MessageChannel::SendAndWait] Error: Channel error: cannot send/recv

]]></system-err>
  </testcase>
  <testcase name="addToBasket" classname="com.endava.tests.BasketTest" time="13.294">
    <system-err><![CDATA[Starting ChromeDriver 85.0.4183.87 (cd6713ebf92fa1cacc0f1a598df280093af0c5d7-refs/branch-heads/4183@{#1689}) on port 21522
Only local connections are allowed.
Please see https://chromedriver.chromium.org/security-considerations for suggestions on keeping ChromeDriver safe.
ChromeDriver was started successfully.
]]></system-err>
  </testcase>
</testsuite>