<?xml version="1.0" encoding="UTF-8"?>
<testng-results skipped="0" failed="3" ignored="0" total="6" passed="3">
  <reporter-output>
  </reporter-output>
  <suite name="Test-method Suite" duration-ms="80520" started-at="2020-09-07T16:34:28 COT" finished-at="2020-09-07T16:35:49 COT">
    <groups>
    </groups>
    <test name="FirefoxTests" duration-ms="43573" started-at="2020-09-07T16:34:28 COT" finished-at="2020-09-07T16:35:12 COT">
      <class name="com.endava.tests.SearchProductTest">
        <test-method status="PASS" signature="setUp(java.lang.String)[pri:0, instance:com.endava.tests.SearchProductTest@2286778]" name="setUp" is-config="true" duration-ms="10725" started-at="2020-09-07T16:34:29 COT" finished-at="2020-09-07T16:34:39 COT">
          <params>
            <param index="0">
              <value>
                <![CDATA[Firefox]]>
              </value>
            </param>
          </params>
          <reporter-output>
          </reporter-output>
        </test-method> <!-- setUp -->
        <test-method status="PASS" signature="applyFilter()[pri:0, instance:com.endava.tests.SearchProductTest@2286778]" name="applyFilter" duration-ms="11713" started-at="2020-09-07T16:34:39 COT" finished-at="2020-09-07T16:34:51 COT">
          <reporter-output>
          </reporter-output>
        </test-method> <!-- applyFilter -->
        <test-method status="PASS" signature="tearDown()[pri:0, instance:com.endava.tests.SearchProductTest@2286778]" name="tearDown" is-config="true" duration-ms="4423" started-at="2020-09-07T16:34:51 COT" finished-at="2020-09-07T16:34:55 COT">
          <reporter-output>
          </reporter-output>
        </test-method> <!-- tearDown -->
        <test-method status="PASS" signature="setUp(java.lang.String)[pri:0, instance:com.endava.tests.SearchProductTest@2286778]" name="setUp" is-config="true" duration-ms="7549" started-at="2020-09-07T16:34:55 COT" finished-at="2020-09-07T16:35:03 COT">
          <params>
            <param index="0">
              <value>
                <![CDATA[Firefox]]>
              </value>
            </param>
          </params>
          <reporter-output>
          </reporter-output>
        </test-method> <!-- setUp -->
        <test-method status="FAIL" signature="setPrices()[pri:0, instance:com.endava.tests.SearchProductTest@2286778]" name="setPrices" duration-ms="5441" started-at="2020-09-07T16:35:03 COT" finished-at="2020-09-07T16:35:08 COT">
          <exception class="java.lang.AssertionError">
            <message>
              <![CDATA[The price exceeds the limits expected [true] but found [false]]]>
            </message>
            <full-stacktrace>
              <![CDATA[java.lang.AssertionError: The price exceeds the limits expected [true] but found [false]
at org.testng.Assert.fail(Assert.java:97)
at org.testng.Assert.failNotEquals(Assert.java:969)
at org.testng.Assert.assertTrue(Assert.java:43)
at com.endava.tests.SearchProductTest.setPrices(SearchProductTest.java:27)
at sun.reflect.NativeMethodAccessorImpl.invoke0(Native Method)
at sun.reflect.NativeMethodAccessorImpl.invoke(NativeMethodAccessorImpl.java:62)
at sun.reflect.DelegatingMethodAccessorImpl.invoke(DelegatingMethodAccessorImpl.java:43)
at java.lang.reflect.Method.invoke(Method.java:498)
at org.testng.internal.MethodInvocationHelper.invokeMethod(MethodInvocationHelper.java:134)
at org.testng.internal.TestInvoker.invokeMethod(TestInvoker.java:597)
at org.testng.internal.TestInvoker.invokeTestMethod(TestInvoker.java:173)
at org.testng.internal.MethodRunner.runInSequence(MethodRunner.java:46)
at org.testng.internal.TestInvoker$MethodInvocationAgent.invoke(TestInvoker.java:816)
at org.testng.internal.TestInvoker.invokeTestMethods(TestInvoker.java:146)
at org.testng.internal.TestMethodWorker.invokeTestMethods(TestMethodWorker.java:146)
at org.testng.internal.TestMethodWorker.run(TestMethodWorker.java:128)
at java.util.concurrent.ThreadPoolExecutor.runWorker(ThreadPoolExecutor.java:1149)
at java.util.concurrent.ThreadPoolExecutor$Worker.run(ThreadPoolExecutor.java:624)
at java.lang.Thread.run(Thread.java:748)
]]>
            </full-stacktrace>
          </exception> <!-- java.lang.AssertionError -->
          <reporter-output>
          </reporter-output>
        </test-method> <!-- setPrices -->
        <test-method status="PASS" signature="tearDown()[pri:0, instance:com.endava.tests.SearchProductTest@2286778]" name="tearDown" is-config="true" duration-ms="3676" started-at="2020-09-07T16:35:08 COT" finished-at="2020-09-07T16:35:12 COT">
          <reporter-output>
          </reporter-output>
        </test-method> <!-- tearDown -->
      </class> <!-- com.endava.tests.SearchProductTest -->
      <class name="com.endava.tests.BasketTest">
        <test-method status="PASS" signature="setUp(java.lang.String)[pri:0, instance:com.endava.tests.BasketTest@5abca1e0]" name="setUp" is-config="true" duration-ms="11171" started-at="2020-09-07T16:34:29 COT" finished-at="2020-09-07T16:34:40 COT">
          <params>
            <param index="0">
              <value>
                <![CDATA[Firefox]]>
              </value>
            </param>
          </params>
          <reporter-output>
          </reporter-output>
        </test-method> <!-- setUp -->
        <test-method status="FAIL" signature="addToBasket()[pri:0, instance:com.endava.tests.BasketTest@5abca1e0]" name="addToBasket" duration-ms="14572" started-at="2020-09-07T16:34:40 COT" finished-at="2020-09-07T16:34:54 COT">
          <exception class="java.lang.AssertionError">
            <message>
              <![CDATA[It was not possible to add the product to the cart expected [Nikon D5600 Digital SLR Camera Black + 3 Lens: 18-55mm VR Lens + 32GB Bundle] but found []]]>
            </message>
            <full-stacktrace>
              <![CDATA[java.lang.AssertionError: It was not possible to add the product to the cart expected [Nikon D5600 Digital SLR Camera Black + 3 Lens: 18-55mm VR Lens + 32GB Bundle] but found []
at org.testng.Assert.fail(Assert.java:97)
at org.testng.Assert.assertEqualsImpl(Assert.java:136)
at org.testng.Assert.assertEquals(Assert.java:118)
at org.testng.Assert.assertEquals(Assert.java:575)
at com.endava.tests.BasketTest.addToBasket(BasketTest.java:34)
at sun.reflect.NativeMethodAccessorImpl.invoke0(Native Method)
at sun.reflect.NativeMethodAccessorImpl.invoke(NativeMethodAccessorImpl.java:62)
at sun.reflect.DelegatingMethodAccessorImpl.invoke(DelegatingMethodAccessorImpl.java:43)
at java.lang.reflect.Method.invoke(Method.java:498)
at org.testng.internal.MethodInvocationHelper.invokeMethod(MethodInvocationHelper.java:134)
at org.testng.internal.TestInvoker.invokeMethod(TestInvoker.java:597)
at org.testng.internal.TestInvoker.invokeTestMethod(TestInvoker.java:173)
at org.testng.internal.MethodRunner.runInSequence(MethodRunner.java:46)
at org.testng.internal.TestInvoker$MethodInvocationAgent.invoke(TestInvoker.java:816)
at org.testng.internal.TestInvoker.invokeTestMethods(TestInvoker.java:146)
at org.testng.internal.TestMethodWorker.invokeTestMethods(TestMethodWorker.java:146)
at org.testng.internal.TestMethodWorker.run(TestMethodWorker.java:128)
at java.util.concurrent.ThreadPoolExecutor.runWorker(ThreadPoolExecutor.java:1149)
at java.util.concurrent.ThreadPoolExecutor$Worker.run(ThreadPoolExecutor.java:624)
at java.lang.Thread.run(Thread.java:748)
]]>
            </full-stacktrace>
          </exception> <!-- java.lang.AssertionError -->
          <reporter-output>
          </reporter-output>
        </test-method> <!-- addToBasket -->
        <test-method status="PASS" signature="tearDown()[pri:0, instance:com.endava.tests.BasketTest@5abca1e0]" name="tearDown" is-config="true" duration-ms="2171" started-at="2020-09-07T16:34:54 COT" finished-at="2020-09-07T16:34:56 COT">
          <reporter-output>
          </reporter-output>
        </test-method> <!-- tearDown -->
      </class> <!-- com.endava.tests.BasketTest -->
    </test> <!-- FirefoxTests -->
    <test name="ChromeTests" duration-ms="36809" started-at="2020-09-07T16:35:12 COT" finished-at="2020-09-07T16:35:49 COT">
      <class name="com.endava.tests.SearchProductTest">
        <test-method status="PASS" signature="setUp(java.lang.String)[pri:0, instance:com.endava.tests.SearchProductTest@2b9627bc]" name="setUp" is-config="true" duration-ms="8373" started-at="2020-09-07T16:35:12 COT" finished-at="2020-09-07T16:35:21 COT">
          <params>
            <param index="0">
              <value>
                <![CDATA[Chrome]]>
              </value>
            </param>
          </params>
          <reporter-output>
          </reporter-output>
        </test-method> <!-- setUp -->
        <test-method status="PASS" signature="applyFilter()[pri:0, instance:com.endava.tests.SearchProductTest@2b9627bc]" name="applyFilter" duration-ms="10750" started-at="2020-09-07T16:35:21 COT" finished-at="2020-09-07T16:35:31 COT">
          <reporter-output>
          </reporter-output>
        </test-method> <!-- applyFilter -->
        <test-method status="PASS" signature="tearDown()[pri:0, instance:com.endava.tests.SearchProductTest@2b9627bc]" name="tearDown" is-config="true" duration-ms="1820" started-at="2020-09-07T16:35:31 COT" finished-at="2020-09-07T16:35:33 COT">
          <reporter-output>
          </reporter-output>
        </test-method> <!-- tearDown -->
        <test-method status="PASS" signature="setUp(java.lang.String)[pri:0, instance:com.endava.tests.SearchProductTest@2b9627bc]" name="setUp" is-config="true" duration-ms="7574" started-at="2020-09-07T16:35:33 COT" finished-at="2020-09-07T16:35:41 COT">
          <params>
            <param index="0">
              <value>
                <![CDATA[Chrome]]>
              </value>
            </param>
          </params>
          <reporter-output>
          </reporter-output>
        </test-method> <!-- setUp -->
        <test-method status="FAIL" signature="setPrices()[pri:0, instance:com.endava.tests.SearchProductTest@2b9627bc]" name="setPrices" duration-ms="7096" started-at="2020-09-07T16:35:41 COT" finished-at="2020-09-07T16:35:48 COT">
          <exception class="java.lang.AssertionError">
            <message>
              <![CDATA[The price exceeds the limits expected [true] but found [false]]]>
            </message>
            <full-stacktrace>
              <![CDATA[java.lang.AssertionError: The price exceeds the limits expected [true] but found [false]
at org.testng.Assert.fail(Assert.java:97)
at org.testng.Assert.failNotEquals(Assert.java:969)
at org.testng.Assert.assertTrue(Assert.java:43)
at com.endava.tests.SearchProductTest.setPrices(SearchProductTest.java:27)
at sun.reflect.NativeMethodAccessorImpl.invoke0(Native Method)
at sun.reflect.NativeMethodAccessorImpl.invoke(NativeMethodAccessorImpl.java:62)
at sun.reflect.DelegatingMethodAccessorImpl.invoke(DelegatingMethodAccessorImpl.java:43)
at java.lang.reflect.Method.invoke(Method.java:498)
at org.testng.internal.MethodInvocationHelper.invokeMethod(MethodInvocationHelper.java:134)
at org.testng.internal.TestInvoker.invokeMethod(TestInvoker.java:597)
at org.testng.internal.TestInvoker.invokeTestMethod(TestInvoker.java:173)
at org.testng.internal.MethodRunner.runInSequence(MethodRunner.java:46)
at org.testng.internal.TestInvoker$MethodInvocationAgent.invoke(TestInvoker.java:816)
at org.testng.internal.TestInvoker.invokeTestMethods(TestInvoker.java:146)
at org.testng.internal.TestMethodWorker.invokeTestMethods(TestMethodWorker.java:146)
at org.testng.internal.TestMethodWorker.run(TestMethodWorker.java:128)
at java.util.concurrent.ThreadPoolExecutor.runWorker(ThreadPoolExecutor.java:1149)
at java.util.concurrent.ThreadPoolExecutor$Worker.run(ThreadPoolExecutor.java:624)
at java.lang.Thread.run(Thread.java:748)
]]>
            </full-stacktrace>
          </exception> <!-- java.lang.AssertionError -->
          <reporter-output>
          </reporter-output>
        </test-method> <!-- setPrices -->
        <test-method status="PASS" signature="tearDown()[pri:0, instance:com.endava.tests.SearchProductTest@2b9627bc]" name="tearDown" is-config="true" duration-ms="1191" started-at="2020-09-07T16:35:48 COT" finished-at="2020-09-07T16:35:49 COT">
          <reporter-output>
          </reporter-output>
        </test-method> <!-- tearDown -->
      </class> <!-- com.endava.tests.SearchProductTest -->
      <class name="com.endava.tests.BasketTest">
        <test-method status="PASS" signature="setUp(java.lang.String)[pri:0, instance:com.endava.tests.BasketTest@67b92f0a]" name="setUp" is-config="true" duration-ms="9692" started-at="2020-09-07T16:35:12 COT" finished-at="2020-09-07T16:35:22 COT">
          <params>
            <param index="0">
              <value>
                <![CDATA[Chrome]]>
              </value>
            </param>
          </params>
          <reporter-output>
          </reporter-output>
        </test-method> <!-- setUp -->
        <test-method status="PASS" signature="addToBasket()[pri:0, instance:com.endava.tests.BasketTest@67b92f0a]" name="addToBasket" duration-ms="13281" started-at="2020-09-07T16:35:22 COT" finished-at="2020-09-07T16:35:35 COT">
          <reporter-output>
          </reporter-output>
        </test-method> <!-- addToBasket -->
        <test-method status="PASS" signature="tearDown()[pri:0, instance:com.endava.tests.BasketTest@67b92f0a]" name="tearDown" is-config="true" duration-ms="1530" started-at="2020-09-07T16:35:35 COT" finished-at="2020-09-07T16:35:37 COT">
          <reporter-output>
          </reporter-output>
        </test-method> <!-- tearDown -->
      </class> <!-- com.endava.tests.BasketTest -->
    </test> <!-- ChromeTests -->
  </suite> <!-- Test-method Suite -->
</testng-results>
