<?xml version="1.0" encoding="UTF-8"?>
<testng-results skipped="0" failed="0" ignored="0" total="3" passed="3">
  <reporter-output>
  </reporter-output>
  <suite name="Test-method Suite" duration-ms="29144" started-at="2020-09-02T22:22:42 COT" finished-at="2020-09-02T22:23:11 COT">
    <groups>
    </groups>
    <test name="Test-method test" duration-ms="29144" started-at="2020-09-02T22:22:42 COT" finished-at="2020-09-02T22:23:11 COT">
      <class name="com.endava.tests.SearchProductTest">
        <test-method status="PASS" signature="beforeTest()[pri:0, instance:com.endava.tests.SearchProductTest@7f13d6e]" name="beforeTest" is-config="true" duration-ms="7948" started-at="2020-09-02T22:22:42 COT" finished-at="2020-09-02T22:22:50 COT">
          <reporter-output>
          </reporter-output>
        </test-method> <!-- beforeTest -->
        <test-method status="PASS" signature="applyFilter()[pri:0, instance:com.endava.tests.SearchProductTest@7f13d6e]" name="applyFilter" duration-ms="6835" started-at="2020-09-02T22:22:50 COT" finished-at="2020-09-02T22:22:57 COT">
          <reporter-output>
          </reporter-output>
        </test-method> <!-- applyFilter -->
        <test-method status="PASS" signature="after()[pri:0, instance:com.endava.tests.SearchProductTest@7f13d6e]" name="after" is-config="true" duration-ms="883" started-at="2020-09-02T22:22:57 COT" finished-at="2020-09-02T22:22:58 COT">
          <reporter-output>
          </reporter-output>
        </test-method> <!-- after -->
        <test-method status="PASS" signature="beforeTest()[pri:0, instance:com.endava.tests.SearchProductTest@7f13d6e]" name="beforeTest" is-config="true" duration-ms="6055" started-at="2020-09-02T22:22:58 COT" finished-at="2020-09-02T22:23:04 COT">
          <reporter-output>
          </reporter-output>
        </test-method> <!-- beforeTest -->
        <test-method status="PASS" signature="setPrices()[pri:0, instance:com.endava.tests.SearchProductTest@7f13d6e]" name="setPrices" duration-ms="6611" started-at="2020-09-02T22:23:04 COT" finished-at="2020-09-02T22:23:10 COT">
          <reporter-output>
          </reporter-output>
        </test-method> <!-- setPrices -->
        <test-method status="PASS" signature="after()[pri:0, instance:com.endava.tests.SearchProductTest@7f13d6e]" name="after" is-config="true" duration-ms="779" started-at="2020-09-02T22:23:10 COT" finished-at="2020-09-02T22:23:11 COT">
          <reporter-output>
          </reporter-output>
        </test-method> <!-- after -->
      </class> <!-- com.endava.tests.SearchProductTest -->
      <class name="com.endava.tests.BasketTest">
        <test-method status="PASS" signature="beforeTest()[pri:0, instance:com.endava.tests.BasketTest@51cdd8a]" name="beforeTest" is-config="true" duration-ms="7343" started-at="2020-09-02T22:22:42 COT" finished-at="2020-09-02T22:22:49 COT">
          <reporter-output>
          </reporter-output>
        </test-method> <!-- beforeTest -->
        <test-method status="PASS" signature="addToBasket()[pri:0, instance:com.endava.tests.BasketTest@51cdd8a]" name="addToBasket" duration-ms="6278" started-at="2020-09-02T22:22:49 COT" finished-at="2020-09-02T22:22:56 COT">
          <reporter-output>
          </reporter-output>
        </test-method> <!-- addToBasket -->
        <test-method status="PASS" signature="after()[pri:0, instance:com.endava.tests.BasketTest@51cdd8a]" name="after" is-config="true" duration-ms="703" started-at="2020-09-02T22:22:56 COT" finished-at="2020-09-02T22:22:56 COT">
          <reporter-output>
          </reporter-output>
        </test-method> <!-- after -->
      </class> <!-- com.endava.tests.BasketTest -->
    </test> <!-- Test-method test -->
  </suite> <!-- Test-method Suite -->
</testng-results>
